<?xml version="1.0" encoding="UTF-8"?>
<testsuite xmlns:xsi="http://www.w3.org/2001/XMLSchema-instance" xsi:noNamespaceSchemaLocation="https://maven.apache.org/surefire/maven-surefire-plugin/xsd/surefire-test-report.xsd" name="com.leyou.httpdemo.HttpTests" time="0.896" tests="3" errors="2" skipped="0" failures="0">
  <properties>
[...]
</properties>
  <testcase name="testGet" classname="com.leyou.httpdemo.HttpTests" time="0.687"/>
  <testcase name="testPost" classname="com.leyou.httpdemo.HttpTests" time="0.185">
    <error message="Moved Permanently" type="org.apache.http.client.HttpResponseException">org.apache.http.client.HttpResponseException: Moved Permanently
	at com.leyou.httpdemo.HttpTests.testPost(HttpTests.java:34)
</error>
  </testcase>
  <testcase name="testGetPojo" classname="com.leyou.httpdemo.HttpTests" time="0.006">
    <error message="Not Found" type="org.apache.http.client.HttpResponseException">org.apache.http.client.HttpResponseException: Not Found
	at com.leyou.httpdemo.HttpTests.testGetPojo(HttpTests.java:41)
</error>
  </testcase>
</testsuite>